Step: build-step-credential-initializer:

{"level":"warn","ts":1548801044.2820528,"logger":"fallback-logger","caller":"logging/config.go:65","msg":"Fetch GitHub commit ID from kodata failed: \"ref: refs/heads/test\" is not a valid GitHub commit ID"}
{"level":"info","ts":1548801044.2827363,"logger":"fallback-logger","caller":"creds-init/main.go:40","msg":"Credentials initialized."}
Step: build-step-git-source-0:

{"level":"warn","ts":1548801046.7032642,"logger":"fallback-logger","caller":"logging/config.go:65","msg":"Fetch GitHub commit ID from kodata failed: \"ref: refs/heads/test\" is not a valid GitHub commit ID"}
{"level":"info","ts":1548801046.9188085,"logger":"fallback-logger","caller":"git-init/main.go:92","msg":"Successfully cloned \"https://github.com/deanesmith/my-webapp.git\" @ \"master\" in path \"/workspace\""}
Step: build-step-jenkins:

Picked up _JAVA_OPTIONS: -Xmx400m
Started
Running in Durability level: PERFORMANCE_OPTIMIZED
  20.679 [id=19]	WARNING	i.f.k.c.i.VersionUsageUtils#alert: The client is using resource type 'customresourcedefinitions' with unstable version 'v1beta1'
[Pipeline] node
Running on Jenkins in /tmp/jenkinsTests.tmp/jenkins3355632783010476147test/workspace/job
[Pipeline] {
[Pipeline] stage
[Pipeline] { (Declarative: Checkout SCM)
[Pipeline] checkout
[Pipeline] }
[Pipeline] // stage
[Pipeline] stage
[Pipeline] { (Build App)
[Pipeline] }
[Pipeline] // stage
[Pipeline] stage
[Pipeline] { (Deploy App)
Stage "Deploy App" skipped due to earlier failure(s)
[Pipeline] }
[Pipeline] // stage
[Pipeline] }
[Pipeline] // node
[Pipeline] End of Pipeline
java.lang.NoSuchMethodError: No such DSL method 'withMaven' found among steps [archive, bat, catchError, checkout, container, containerLog, deleteDir, dir, dockerFingerprintFrom, dockerFingerprintRun, echo, envVarsForTool, error, fileExists, getContext, git, input, isUnix, library, libraryResource, load, mail, node, parallel, podTemplate, powershell, properties, pwd, readFile, readTrusted, resolveScm, retry, script, sh, sleep, stage, stash, step, timeout, tool, unarchive, unstash, validateDeclarativePipeline, waitUntil, withContext, withCredentials, withDockerContainer, withDockerRegistry, withDockerServer, withEnv, wrap, writeFile, ws] or symbols [all, allOf, always, any, anyOf, apiToken, architecture, archiveArtifacts, artifactManager, batchFile, booleanParam, branch, buildButton, buildDiscarder, buildingTag, caseInsensitive, caseSensitive, certificate, changeRequest, changelog, changeset, checkoutToSubdirectory, choice, choiceParam, clock, cloud, command, configMapVolume, containerEnvVar, containerLivenessProbe, containerTemplate, credentials, cron, crumb, default, defaultView, demand, disableConcurrentBuilds, disableResume, docker, dockerCert, dockerfile, downloadSettings, downstream, dumb, durabilityHint, emptyDirVolume, emptyDirWorkspaceVolume, envVar, envVars, environment, equals, expression, file, fileParam, filePath, fingerprint, frameOptions, freeStyle, freeStyleJob, fromScm, fromSource, git, headRegexFilter, headWildcardFilter, hostPathVolume, hostPathWorkspaceVolume, hyperlink, hyperlinkToModels, installSource, isRestartedRun, jdk, jgit, jgitapache, jnlp, jobName, kubernetes, label, lastDuration, lastFailure, lastGrantedAuthorities, lastStable, lastSuccess, legacy, legacySCM, list, local, location, logRotator, loggedInUsersCanDoAnything, masterBuild, maven, maven3Mojos, mavenErrors, mavenMojos, mavenWarnings, modernSCM, myView, never, newContainerPerStage, nfsVolume, nfsWorkspaceVolume, node, nodeProperties, nonStoredPasswordParam, none, not, onFailure, overrideIndexTriggers, paneStatus, parallelsAlwaysFailFast, parameters, password, pattern, permanent, persistentVolumeClaim, persistentVolumeClaimWorkspaceVolume, pipeline-model, pipelineTriggers, plainText, plugin, podAnnotation, podEnvVar, pollSCM, portMapping, preserveStashes, projectNamingStrategy, proxy, queueItemAuthenticator, quietPeriod, remotingCLI, run, runParam, schedule, scmRetryCount, scriptApprovalLink, search, secretEnvVar, secretVolume, security, shell, skipDefaultCheckout, skipStagesAfterUnstable, slave, sourceRegexFilter, sourceWildcardFilter, sshUserPrivateKey, stackTrace, standard, status, string, stringParam, swapSpace, tag, text, textParam, tmpSpace, toolLocation, triggeredBy, unsecured, upstream, userSeed, usernameColonPassword, usernamePassword, viewsTabBar, weather, zfs, zip] or globals [currentBuild, docker, env, params, pipeline, scm]
	at org.jenkinsci.plugins.workflow.cps.DSL.invokeMethod(DSL.java:201)
	at org.jenkinsci.plugins.workflow.cps.CpsScript.invokeMethod(CpsScript.java:122)
	at sun.reflect.NativeMethodAccessorImpl.invoke0(Native Method)
	at sun.reflect.NativeMethodAccessorImpl.invoke(NativeMethodAccessorImpl.java:62)
	at sun.reflect.DelegatingMethodAccessorImpl.invoke(DelegatingMethodAccessorImpl.java:43)
	at java.lang.reflect.Method.invoke(Method.java:498)
	at org.codehaus.groovy.reflection.CachedMethod.invoke(CachedMethod.java:93)
	at groovy.lang.MetaMethod.doMethodInvoke(MetaMethod.java:325)
	at groovy.lang.MetaClassImpl.invokeMethod(MetaClassImpl.java:1213)
	at groovy.lang.MetaClassImpl.invokeMethod(MetaClassImpl.java:1022)
	at org.codehaus.groovy.runtime.callsite.PogoMetaClassSite.call(PogoMetaClassSite.java:42)
	at org.codehaus.groovy.runtime.callsite.CallSiteArray.defaultCall(CallSiteArray.java:48)
	at org.codehaus.groovy.runtime.callsite.AbstractCallSite.call(AbstractCallSite.java:113)
	at org.kohsuke.groovy.sandbox.impl.Checker$1.call(Checker.java:157)
	at org.kohsuke.groovy.sandbox.GroovyInterceptor.onMethodCall(GroovyInterceptor.java:23)
	at org.jenkinsci.plugins.scriptsecurity.sandbox.groovy.SandboxInterceptor.onMethodCall(SandboxInterceptor.java:155)
	at org.kohsuke.groovy.sandbox.impl.Checker$1.call(Checker.java:155)
	at org.kohsuke.groovy.sandbox.impl.Checker.checkedCall(Checker.java:159)
	at org.kohsuke.groovy.sandbox.impl.Checker.checkedCall(Checker.java:129)
	at com.cloudbees.groovy.cps.sandbox.SandboxInvoker.methodCall(SandboxInvoker.java:17)
	at WorkflowScript.run(WorkflowScript:6)
	at org.jenkinsci.plugins.pipeline.modeldefinition.ModelInterpreter.delegateAndExecute(jar:file:/usr/share/jenkins/ref/plugins/pipeline-model-definition/WEB-INF/lib/pipeline-model-definition.jar!/org/jenkinsci/plugins/pipeline/modeldefinition/ModelInterpreter.groovy:133)
	at org.jenkinsci.plugins.pipeline.modeldefinition.ModelInterpreter.executeSingleStage(jar:file:/usr/share/jenkins/ref/plugins/pipeline-model-definition/WEB-INF/lib/pipeline-model-definition.jar!/org/jenkinsci/plugins/pipeline/modeldefinition/ModelInterpreter.groovy:679)
	at org.jenkinsci.plugins.pipeline.modeldefinition.ModelInterpreter.catchRequiredContextForNode(jar:file:/usr/share/jenkins/ref/plugins/pipeline-model-definition/WEB-INF/lib/pipeline-model-definition.jar!/org/jenkinsci/plugins/pipeline/modeldefinition/ModelInterpreter.groovy:418)
	at org.jenkinsci.plugins.pipeline.modeldefinition.ModelInterpreter.catchRequiredContextForNode(jar:file:/usr/share/jenkins/ref/plugins/pipeline-model-definition/WEB-INF/lib/pipeline-model-definition.jar!/org/jenkinsci/plugins/pipeline/modeldefinition/ModelInterpreter.groovy:416)
	at org.jenkinsci.plugins.pipeline.modeldefinition.ModelInterpreter.executeSingleStage(jar:file:/usr/share/jenkins/ref/plugins/pipeline-model-definition/WEB-INF/lib/pipeline-model-definition.jar!/org/jenkinsci/plugins/pipeline/modeldefinition/ModelInterpreter.groovy:678)
	at org.jenkinsci.plugins.pipeline.modeldefinition.ModelInterpreter.evaluateStage(jar:file:/usr/share/jenkins/ref/plugins/pipeline-model-definition/WEB-INF/lib/pipeline-model-definition.jar!/org/jenkinsci/plugins/pipeline/modeldefinition/ModelInterpreter.groovy:279)
	at org.jenkinsci.plugins.pipeline.modeldefinition.ModelInterpreter.toolsBlock(jar:file:/usr/share/jenkins/ref/plugins/pipeline-model-definition/WEB-INF/lib/pipeline-model-definition.jar!/org/jenkinsci/plugins/pipeline/modeldefinition/ModelInterpreter.groovy:563)
	at org.jenkinsci.plugins.pipeline.modeldefinition.ModelInterpreter.toolsBlock(jar:file:/usr/share/jenkins/ref/plugins/pipeline-model-definition/WEB-INF/lib/pipeline-model-definition.jar!/org/jenkinsci/plugins/pipeline/modeldefinition/ModelInterpreter.groovy:562)
	at org.jenkinsci.plugins.pipeline.modeldefinition.ModelInterpreter.evaluateStage(jar:file:/usr/share/jenkins/ref/plugins/pipeline-model-definition/WEB-INF/lib/pipeline-model-definition.jar!/org/jenkinsci/plugins/pipeline/modeldefinition/ModelInterpreter.groovy:269)
	at org.jenkinsci.plugins.pipeline.modeldefinition.ModelInterpreter.withEnvBlock(jar:file:/usr/share/jenkins/ref/plugins/pipeline-model-definition/WEB-INF/lib/pipeline-model-definition.jar!/org/jenkinsci/plugins/pipeline/modeldefinition/ModelInterpreter.groovy:462)
	at org.jenkinsci.plugins.pipeline.modeldefinition.ModelInterpreter.withEnvBlock(jar:file:/usr/share/jenkins/ref/plugins/pipeline-model-definition/WEB-INF/lib/pipeline-model-definition.jar!/org/jenkinsci/plugins/pipeline/modeldefinition/ModelInterpreter.groovy:461)
	at org.jenkinsci.plugins.pipeline.modeldefinition.ModelInterpreter.evaluateStage(jar:file:/usr/share/jenkins/ref/plugins/pipeline-model-definition/WEB-INF/lib/pipeline-model-definition.jar!/org/jenkinsci/plugins/pipeline/modeldefinition/ModelInterpreter.groovy:268)
	at org.jenkinsci.plugins.pipeline.modeldefinition.ModelInterpreter.withCredentialsBlock(jar:file:/usr/share/jenkins/ref/plugins/pipeline-model-definition/WEB-INF/lib/pipeline-model-definition.jar!/org/jenkinsci/plugins/pipeline/modeldefinition/ModelInterpreter.groovy:500)
	at org.jenkinsci.plugins.pipeline.modeldefinition.ModelInterpreter.withCredentialsBlock(jar:file:/usr/share/jenkins/ref/plugins/pipeline-model-definition/WEB-INF/lib/pipeline-model-definition.jar!/org/jenkinsci/plugins/pipeline/modeldefinition/ModelInterpreter.groovy:499)
	at org.jenkinsci.plugins.pipeline.modeldefinition.ModelInterpreter.evaluateStage(jar:file:/usr/share/jenkins/ref/plugins/pipeline-model-definition/WEB-INF/lib/pipeline-model-definition.jar!/org/jenkinsci/plugins/pipeline/modeldefinition/ModelInterpreter.groovy:267)
	at org.jenkinsci.plugins.pipeline.modeldefinition.ModelInterpreter.evaluateStage(jar:file:/usr/share/jenkins/ref/plugins/pipeline-model-definition/WEB-INF/lib/pipeline-model-definition.jar!/org/jenkinsci/plugins/pipeline/modeldefinition/ModelInterpreter.groovy:314)
	at org.jenkinsci.plugins.pipeline.modeldefinition.ModelInterpreter.inDeclarativeAgent(jar:file:/usr/share/jenkins/ref/plugins/pipeline-model-definition/WEB-INF/lib/pipeline-model-definition.jar!/org/jenkinsci/plugins/pipeline/modeldefinition/ModelInterpreter.groovy:604)
	at org.jenkinsci.plugins.pipeline.modeldefinition.ModelInterpreter.inDeclarativeAgent(jar:file:/usr/share/jenkins/ref/plugins/pipeline-model-definition/WEB-INF/lib/pipeline-model-definition.jar!/org/jenkinsci/plugins/pipeline/modeldefinition/ModelInterpreter.groovy:603)
	at org.jenkinsci.plugins.pipeline.modeldefinition.ModelInterpreter.evaluateStage(jar:file:/usr/share/jenkins/ref/plugins/pipeline-model-definition/WEB-INF/lib/pipeline-model-definition.jar!/org/jenkinsci/plugins/pipeline/modeldefinition/ModelInterpreter.groovy:311)
	at org.jenkinsci.plugins.pipeline.modeldefinition.ModelInterpreter.stageInput(jar:file:/usr/share/jenkins/ref/plugins/pipeline-model-definition/WEB-INF/lib/pipeline-model-definition.jar!/org/jenkinsci/plugins/pipeline/modeldefinition/ModelInterpreter.groovy:379)
	at org.jenkinsci.plugins.pipeline.modeldefinition.ModelInterpreter.stageInput(jar:file:/usr/share/jenkins/ref/plugins/pipeline-model-definition/WEB-INF/lib/pipeline-model-definition.jar!/org/jenkinsci/plugins/pipeline/modeldefinition/ModelInterpreter.groovy:378)
	at org.jenkinsci.plugins.pipeline.modeldefinition.ModelInterpreter.evaluateStage(jar:file:/usr/share/jenkins/ref/plugins/pipeline-model-definition/WEB-INF/lib/pipeline-model-definition.jar!/org/jenkinsci/plugins/pipeline/modeldefinition/ModelInterpreter.groovy:310)
	at org.jenkinsci.plugins.pipeline.modeldefinition.ModelInterpreter.inWrappers(jar:file:/usr/share/jenkins/ref/plugins/pipeline-model-definition/WEB-INF/lib/pipeline-model-definition.jar!/org/jenkinsci/plugins/pipeline/modeldefinition/ModelInterpreter.groovy:631)
	at org.jenkinsci.plugins.pipeline.modeldefinition.ModelInterpreter.inWrappers(jar:file:/usr/share/jenkins/ref/plugins/pipeline-model-definition/WEB-INF/lib/pipeline-model-definition.jar!/org/jenkinsci/plugins/pipeline/modeldefinition/ModelInterpreter.groovy:630)
	at org.jenkinsci.plugins.pipeline.modeldefinition.ModelInterpreter.evaluateStage(jar:file:/usr/share/jenkins/ref/plugins/pipeline-model-definition/WEB-INF/lib/pipeline-model-definition.jar!/org/jenkinsci/plugins/pipeline/modeldefinition/ModelInterpreter.groovy:250)
	at ___cps.transform___(Native Method)
	at com.cloudbees.groovy.cps.impl.ContinuationGroup.methodCall(ContinuationGroup.java:57)
	at com.cloudbees.groovy.cps.impl.FunctionCallBlock$ContinuationImpl.dispatchOrArg(FunctionCallBlock.java:109)
	at com.cloudbees.groovy.cps.impl.FunctionCallBlock$ContinuationImpl.fixArg(FunctionCallBlock.java:82)
	at sun.reflect.GeneratedMethodAccessor98.invoke(Unknown Source)
	at sun.reflect.DelegatingMethodAccessorImpl.invoke(DelegatingMethodAccessorImpl.java:43)
	at java.lang.reflect.Method.invoke(Method.java:498)
	at com.cloudbees.groovy.cps.impl.ContinuationPtr$ContinuationImpl.receive(ContinuationPtr.java:72)
	at com.cloudbees.groovy.cps.impl.ClosureBlock.eval(ClosureBlock.java:46)
	at com.cloudbees.groovy.cps.Next.step(Next.java:83)
	at com.cloudbees.groovy.cps.Continuable$1.call(Continuable.java:174)
	at com.cloudbees.groovy.cps.Continuable$1.call(Continuable.java:163)
	at org.codehaus.groovy.runtime.GroovyCategorySupport$ThreadCategoryInfo.use(GroovyCategorySupport.java:129)
	at org.codehaus.groovy.runtime.GroovyCategorySupport.use(GroovyCategorySupport.java:268)
	at com.cloudbees.groovy.cps.Continuable.run0(Continuable.java:163)
	at org.jenkinsci.plugins.workflow.cps.SandboxContinuable.access$101(SandboxContinuable.java:34)
	at org.jenkinsci.plugins.workflow.cps.SandboxContinuable.lambda$run0$0(SandboxContinuable.java:59)
	at org.jenkinsci.plugins.scriptsecurity.sandbox.groovy.GroovySandbox.runInSandbox(GroovySandbox.java:121)
	at org.jenkinsci.plugins.workflow.cps.SandboxContinuable.run0(SandboxContinuable.java:58)
	at org.jenkinsci.plugins.workflow.cps.CpsThread.runNextChunk(CpsThread.java:182)
	at org.jenkinsci.plugins.workflow.cps.CpsThreadGroup.run(CpsThreadGroup.java:332)
	at org.jenkinsci.plugins.workflow.cps.CpsThreadGroup.access$200(CpsThreadGroup.java:83)
	at org.jenkinsci.plugins.workflow.cps.CpsThreadGroup$2.call(CpsThreadGroup.java:244)
	at org.jenkinsci.plugins.workflow.cps.CpsThreadGroup$2.call(CpsThreadGroup.java:232)
	at org.jenkinsci.plugins.workflow.cps.CpsVmExecutorService$2.call(CpsVmExecutorService.java:64)
	at java.util.concurrent.FutureTask.run(FutureTask.java:266)
	at hudson.remoting.SingleLaneExecutorService$1.run(SingleLaneExecutorService.java:131)
	at jenkins.util.ContextResettingExecutorService$1.run(ContextResettingExecutorService.java:28)
	at jenkins.security.ImpersonatingExecutorService$1.run(ImpersonatingExecutorService.java:59)
	at java.util.concurrent.Executors$RunnableAdapter.call(Executors.java:511)
	at java.util.concurrent.FutureTask.run(FutureTask.java:266)
	at java.util.concurrent.ThreadPoolExecutor.runWorker(ThreadPoolExecutor.java:1149)
	at java.util.concurrent.ThreadPoolExecutor$Worker.run(ThreadPoolExecutor.java:624)
	at java.lang.Thread.run(Thread.java:748)
Finished: FAILURE
